<?xml version="1.0" encoding="UTF-8"?>
<!-- Generated by org.testng.reporters.JUnitReportReporter -->
<testsuite hostname="DESKTOP-G40R6I1" failures="0" tests="1" name="Today.NewTest" time="1.135" errors="0" timestamp="2024-07-08T23:30:50 IST" skipped="0">
  <testcase classname="Today.NewTest" name="element" time="1.135"/>
  <system-out/>
</testsuite> <!-- Today.NewTest -->
